2025-10-13T10:44:28.710+05:30  INFO 11904 --- [lwmsproject] [main] com.project.lwms.LwmsApplication         : Starting LwmsApplication using Java 22 with PID 11904 (C:\Users\reddy\Downloads\lwms\lwms\target\classes started by reddy in C:\Users\reddy\Downloads\lwms\lwms)
2025-10-13T10:44:28.713+05:30  INFO 11904 --- [lwmsproject] [main] com.project.lwms.LwmsApplication         : No active profile set, falling back to 1 default profile: "default"
2025-10-13T10:44:30.073+05:30  INFO 11904 --- [lwmsproject] [main] .s.d.r.c.RepositoryConfigurationDelegate : Bootstrapping Spring Data JPA repositories in DEFAULT mode.
2025-10-13T10:44:30.161+05:30  INFO 11904 --- [lwmsproject] [main] .s.d.r.c.RepositoryConfigurationDelegate : Finished Spring Data repository scanning in 73 ms. Found 5 JPA repository interfaces.
2025-10-13T10:44:30.879+05:30  INFO 11904 --- [lwmsproject] [main] o.s.b.w.embedded.tomcat.TomcatWebServer  : Tomcat initialized with port 8081 (http)
2025-10-13T10:44:30.902+05:30  INFO 11904 --- [lwmsproject] [main] o.apache.catalina.core.StandardService   : Starting service [Tomcat]
2025-10-13T10:44:30.903+05:30  INFO 11904 --- [lwmsproject] [main] o.apache.catalina.core.StandardEngine    : Starting Servlet engine: [Apache Tomcat/10.1.46]
2025-10-13T10:44:31.004+05:30  INFO 11904 --- [lwmsproject] [main] o.a.c.c.C.[Tomcat].[localhost].[/]       : Initializing Spring embedded WebApplicationContext
2025-10-13T10:44:31.005+05:30  INFO 11904 --- [lwmsproject] [main] w.s.c.ServletWebServerApplicationContext : Root WebApplicationContext: initialization completed in 2218 ms
2025-10-13T10:44:31.310+05:30  INFO 11904 --- [lwmsproject] [main] o.hibernate.jpa.internal.util.LogHelper  : HHH000204: Processing PersistenceUnitInfo [name: default]
2025-10-13T10:44:31.378+05:30  INFO 11904 --- [lwmsproject] [main] org.hibernate.Version                    : HHH000412: Hibernate ORM core version 6.6.29.Final
2025-10-13T10:44:31.423+05:30  INFO 11904 --- [lwmsproject] [main] o.h.c.internal.RegionFactoryInitiator    : HHH000026: Second-level cache disabled
2025-10-13T10:44:31.892+05:30  INFO 11904 --- [lwmsproject] [main] o.s.o.j.p.SpringPersistenceUnitInfo      : No LoadTimeWeaver setup: ignoring JPA class transformer
2025-10-13T10:44:31.935+05:30  INFO 11904 --- [lwmsproject] [main] com.zaxxer.hikari.HikariDataSource       : HikariPool-1 - Starting...
2025-10-13T10:44:32.434+05:30  INFO 11904 --- [lwmsproject] [main] com.zaxxer.hikari.pool.HikariPool        : HikariPool-1 - Added connection com.mysql.cj.jdbc.ConnectionImpl@3f322610
2025-10-13T10:44:32.437+05:30  INFO 11904 --- [lwmsproject] [main] com.zaxxer.hikari.HikariDataSource       : HikariPool-1 - Start completed.
2025-10-13T10:44:32.630+05:30  INFO 11904 --- [lwmsproject] [main] org.hibernate.orm.connections.pooling    : HHH10001005: Database info:
	Database JDBC URL [Connecting through datasource 'HikariDataSource (HikariPool-1)']
	Database driver: undefined/unknown
	Database version: 8.0.43
	Autocommit mode: undefined/unknown
	Isolation level: undefined/unknown
	Minimum pool size: undefined/unknown
	Maximum pool size: undefined/unknown
2025-10-13T10:44:33.698+05:30  INFO 11904 --- [lwmsproject] [main] o.h.e.t.j.p.i.JtaPlatformInitiator       : HHH000489: No JTA platform available (set 'hibernate.transaction.jta.platform' to enable JTA platform integration)
2025-10-13T10:44:34.059+05:30  INFO 11904 --- [lwmsproject] [main] j.LocalContainerEntityManagerFactoryBean : Initialized JPA EntityManagerFactory for persistence unit 'default'
2025-10-13T10:44:34.774+05:30  WARN 11904 --- [lwmsproject] [main] JpaBaseConfiguration$JpaWebConfiguration : spring.jpa.open-in-view is enabled by default. Therefore, database queries may be performed during view rendering. Explicitly configure spring.jpa.open-in-view to disable this warning
2025-10-13T10:44:34.851+05:30  INFO 11904 --- [lwmsproject] [main] o.s.b.a.w.s.WelcomePageHandlerMapping    : Adding welcome page: class path resource [static/index.html]
2025-10-13T10:44:35.363+05:30  INFO 11904 --- [lwmsproject] [main] o.s.b.w.embedded.tomcat.TomcatWebServer  : Tomcat started on port 8081 (http) with context path '/'
2025-10-13T10:44:35.380+05:30  INFO 11904 --- [lwmsproject] [main] com.project.lwms.LwmsApplication         : Started LwmsApplication in 7.425 seconds (process running for 7.873)
2025-10-13T10:45:27.861+05:30  INFO 11904 --- [lwmsproject] [http-nio-8081-exec-2] o.a.c.c.C.[Tomcat].[localhost].[/]       : Initializing Spring DispatcherServlet 'dispatcherServlet'
2025-10-13T10:45:27.870+05:30  INFO 11904 --- [lwmsproject] [http-nio-8081-exec-2] o.s.web.servlet.DispatcherServlet        : Initializing Servlet 'dispatcherServlet'
2025-10-13T10:45:27.876+05:30  INFO 11904 --- [lwmsproject] [http-nio-8081-exec-2] o.s.web.servlet.DispatcherServlet        : Completed initialization in 6 ms
2025-10-13T11:11:52.585+05:30  INFO 6444 --- [lwmsproject] [main] com.project.lwms.LwmsApplication         : Starting LwmsApplication using Java 22 with PID 6444 (C:\Users\reddy\Downloads\lwms\lwms\target\classes started by reddy in C:\Users\reddy\Downloads\lwms\lwms)
2025-10-13T11:11:52.595+05:30  INFO 6444 --- [lwmsproject] [main] com.project.lwms.LwmsApplication         : No active profile set, falling back to 1 default profile: "default"
2025-10-13T11:11:53.768+05:30  INFO 6444 --- [lwmsproject] [main] .s.d.r.c.RepositoryConfigurationDelegate : Bootstrapping Spring Data JPA repositories in DEFAULT mode.
2025-10-13T11:11:53.856+05:30  INFO 6444 --- [lwmsproject] [main] .s.d.r.c.RepositoryConfigurationDelegate : Finished Spring Data repository scanning in 68 ms. Found 5 JPA repository interfaces.
2025-10-13T11:11:54.608+05:30  INFO 6444 --- [lwmsproject] [main] o.s.b.w.embedded.tomcat.TomcatWebServer  : Tomcat initialized with port 8081 (http)
2025-10-13T11:11:54.631+05:30  INFO 6444 --- [lwmsproject] [main] o.apache.catalina.core.StandardService   : Starting service [Tomcat]
2025-10-13T11:11:54.631+05:30  INFO 6444 --- [lwmsproject] [main] o.apache.catalina.core.StandardEngine    : Starting Servlet engine: [Apache Tomcat/10.1.46]
2025-10-13T11:11:54.715+05:30  INFO 6444 --- [lwmsproject] [main] o.a.c.c.C.[Tomcat].[localhost].[/]       : Initializing Spring embedded WebApplicationContext
2025-10-13T11:11:54.716+05:30  INFO 6444 --- [lwmsproject] [main] w.s.c.ServletWebServerApplicationContext : Root WebApplicationContext: initialization completed in 1967 ms
2025-10-13T11:11:55.017+05:30  INFO 6444 --- [lwmsproject] [main] o.hibernate.jpa.internal.util.LogHelper  : HHH000204: Processing PersistenceUnitInfo [name: default]
2025-10-13T11:11:55.127+05:30  INFO 6444 --- [lwmsproject] [main] org.hibernate.Version                    : HHH000412: Hibernate ORM core version 6.6.29.Final
2025-10-13T11:11:55.164+05:30  INFO 6444 --- [lwmsproject] [main] o.h.c.internal.RegionFactoryInitiator    : HHH000026: Second-level cache disabled
2025-10-13T11:11:55.475+05:30  INFO 6444 --- [lwmsproject] [main] o.s.o.j.p.SpringPersistenceUnitInfo      : No LoadTimeWeaver setup: ignoring JPA class transformer
2025-10-13T11:11:55.519+05:30  INFO 6444 --- [lwmsproject] [main] com.zaxxer.hikari.HikariDataSource       : HikariPool-1 - Starting...
2025-10-13T11:11:55.914+05:30  INFO 6444 --- [lwmsproject] [main] com.zaxxer.hikari.pool.HikariPool        : HikariPool-1 - Added connection com.mysql.cj.jdbc.ConnectionImpl@135e49b2
2025-10-13T11:11:55.917+05:30  INFO 6444 --- [lwmsproject] [main] com.zaxxer.hikari.HikariDataSource       : HikariPool-1 - Start completed.
2025-10-13T11:11:56.037+05:30  INFO 6444 --- [lwmsproject] [main] org.hibernate.orm.connections.pooling    : HHH10001005: Database info:
	Database JDBC URL [Connecting through datasource 'HikariDataSource (HikariPool-1)']
	Database driver: undefined/unknown
	Database version: 8.0.43
	Autocommit mode: undefined/unknown
	Isolation level: undefined/unknown
	Minimum pool size: undefined/unknown
	Maximum pool size: undefined/unknown
2025-10-13T11:11:57.019+05:30  INFO 6444 --- [lwmsproject] [main] o.h.e.t.j.p.i.JtaPlatformInitiator       : HHH000489: No JTA platform available (set 'hibernate.transaction.jta.platform' to enable JTA platform integration)
2025-10-13T11:11:57.107+05:30  INFO 6444 --- [lwmsproject] [main] j.LocalContainerEntityManagerFactoryBean : Initialized JPA EntityManagerFactory for persistence unit 'default'
2025-10-13T11:11:57.561+05:30  WARN 6444 --- [lwmsproject] [main] JpaBaseConfiguration$JpaWebConfiguration : spring.jpa.open-in-view is enabled by default. Therefore, database queries may be performed during view rendering. Explicitly configure spring.jpa.open-in-view to disable this warning
2025-10-13T11:11:57.600+05:30  INFO 6444 --- [lwmsproject] [main] o.s.b.a.w.s.WelcomePageHandlerMapping    : Adding welcome page: class path resource [static/index.html]
2025-10-13T11:11:58.073+05:30  INFO 6444 --- [lwmsproject] [main] o.s.b.w.embedded.tomcat.TomcatWebServer  : Tomcat started on port 8081 (http) with context path '/'
2025-10-13T11:11:58.085+05:30  INFO 6444 --- [lwmsproject] [main] com.project.lwms.LwmsApplication         : Started LwmsApplication in 6.222 seconds (process running for 7.008)
2025-10-13T11:12:05.316+05:30  INFO 6444 --- [lwmsproject] [http-nio-8081-exec-1] o.a.c.c.C.[Tomcat].[localhost].[/]       : Initializing Spring DispatcherServlet 'dispatcherServlet'
2025-10-13T11:12:05.317+05:30  INFO 6444 --- [lwmsproject] [http-nio-8081-exec-1] o.s.web.servlet.DispatcherServlet        : Initializing Servlet 'dispatcherServlet'
2025-10-13T11:12:05.319+05:30  INFO 6444 --- [lwmsproject] [http-nio-8081-exec-1] o.s.web.servlet.DispatcherServlet        : Completed initialization in 2 ms
2025-10-13T11:13:54.195+05:30  INFO 21104 --- [lwmsproject] [main] com.project.lwms.LwmsApplication         : Starting LwmsApplication using Java 22 with PID 21104 (C:\Users\reddy\Downloads\lwms\lwms\target\classes started by reddy in C:\Users\reddy\Downloads\lwms\lwms)
2025-10-13T11:13:54.199+05:30  INFO 21104 --- [lwmsproject] [main] com.project.lwms.LwmsApplication         : No active profile set, falling back to 1 default profile: "default"
2025-10-13T11:13:55.152+05:30  INFO 21104 --- [lwmsproject] [main] .s.d.r.c.RepositoryConfigurationDelegate : Bootstrapping Spring Data JPA repositories in DEFAULT mode.
2025-10-13T11:13:55.231+05:30  INFO 21104 --- [lwmsproject] [main] .s.d.r.c.RepositoryConfigurationDelegate : Finished Spring Data repository scanning in 70 ms. Found 5 JPA repository interfaces.
2025-10-13T11:13:55.864+05:30  INFO 21104 --- [lwmsproject] [main] o.s.b.w.embedded.tomcat.TomcatWebServer  : Tomcat initialized with port 8081 (http)
2025-10-13T11:13:55.885+05:30  INFO 21104 --- [lwmsproject] [main] o.apache.catalina.core.StandardService   : Starting service [Tomcat]
2025-10-13T11:13:55.886+05:30  INFO 21104 --- [lwmsproject] [main] o.apache.catalina.core.StandardEngine    : Starting Servlet engine: [Apache Tomcat/10.1.46]
2025-10-13T11:13:55.970+05:30  INFO 21104 --- [lwmsproject] [main] o.a.c.c.C.[Tomcat].[localhost].[/]       : Initializing Spring embedded WebApplicationContext
2025-10-13T11:13:55.971+05:30  INFO 21104 --- [lwmsproject] [main] w.s.c.ServletWebServerApplicationContext : Root WebApplicationContext: initialization completed in 1683 ms
2025-10-13T11:13:56.217+05:30  INFO 21104 --- [lwmsproject] [main] o.hibernate.jpa.internal.util.LogHelper  : HHH000204: Processing PersistenceUnitInfo [name: default]
2025-10-13T11:13:56.285+05:30  INFO 21104 --- [lwmsproject] [main] org.hibernate.Version                    : HHH000412: Hibernate ORM core version 6.6.29.Final
2025-10-13T11:13:56.327+05:30  INFO 21104 --- [lwmsproject] [main] o.h.c.internal.RegionFactoryInitiator    : HHH000026: Second-level cache disabled
2025-10-13T11:13:56.637+05:30  INFO 21104 --- [lwmsproject] [main] o.s.o.j.p.SpringPersistenceUnitInfo      : No LoadTimeWeaver setup: ignoring JPA class transformer
2025-10-13T11:13:56.685+05:30  INFO 21104 --- [lwmsproject] [main] com.zaxxer.hikari.HikariDataSource       : HikariPool-1 - Starting...
2025-10-13T11:13:57.068+05:30  INFO 21104 --- [lwmsproject] [main] com.zaxxer.hikari.pool.HikariPool        : HikariPool-1 - Added connection com.mysql.cj.jdbc.ConnectionImpl@41167ded
2025-10-13T11:13:57.070+05:30  INFO 21104 --- [lwmsproject] [main] com.zaxxer.hikari.HikariDataSource       : HikariPool-1 - Start completed.
2025-10-13T11:13:57.184+05:30  INFO 21104 --- [lwmsproject] [main] org.hibernate.orm.connections.pooling    : HHH10001005: Database info:
	Database JDBC URL [Connecting through datasource 'HikariDataSource (HikariPool-1)']
	Database driver: undefined/unknown
	Database version: 8.0.43
	Autocommit mode: undefined/unknown
	Isolation level: undefined/unknown
	Minimum pool size: undefined/unknown
	Maximum pool size: undefined/unknown
2025-10-13T11:13:58.109+05:30  INFO 21104 --- [lwmsproject] [main] o.h.e.t.j.p.i.JtaPlatformInitiator       : HHH000489: No JTA platform available (set 'hibernate.transaction.jta.platform' to enable JTA platform integration)
2025-10-13T11:13:58.202+05:30  INFO 21104 --- [lwmsproject] [main] j.LocalContainerEntityManagerFactoryBean : Initialized JPA EntityManagerFactory for persistence unit 'default'
2025-10-13T11:13:58.615+05:30  WARN 21104 --- [lwmsproject] [main] JpaBaseConfiguration$JpaWebConfiguration : spring.jpa.open-in-view is enabled by default. Therefore, database queries may be performed during view rendering. Explicitly configure spring.jpa.open-in-view to disable this warning
2025-10-13T11:13:58.647+05:30  INFO 21104 --- [lwmsproject] [main] o.s.b.a.w.s.WelcomePageHandlerMapping    : Adding welcome page: class path resource [static/index.html]
2025-10-13T11:13:59.093+05:30  INFO 21104 --- [lwmsproject] [main] o.s.b.w.embedded.tomcat.TomcatWebServer  : Tomcat started on port 8081 (http) with context path '/'
2025-10-13T11:13:59.105+05:30  INFO 21104 --- [lwmsproject] [main] com.project.lwms.LwmsApplication         : Started LwmsApplication in 5.549 seconds (process running for 6.011)
2025-10-13T11:14:04.820+05:30  INFO 21104 --- [lwmsproject] [http-nio-8081-exec-1] o.a.c.c.C.[Tomcat].[localhost].[/]       : Initializing Spring DispatcherServlet 'dispatcherServlet'
2025-10-13T11:14:04.821+05:30  INFO 21104 --- [lwmsproject] [http-nio-8081-exec-1] o.s.web.servlet.DispatcherServlet        : Initializing Servlet 'dispatcherServlet'
2025-10-13T11:14:04.823+05:30  INFO 21104 --- [lwmsproject] [http-nio-8081-exec-1] o.s.web.servlet.DispatcherServlet        : Completed initialization in 2 ms
2025-10-13T11:16:10.143+05:30  INFO 5220 --- [lwmsproject] [main] com.project.lwms.LwmsApplication         : Starting LwmsApplication using Java 22 with PID 5220 (C:\Users\reddy\Downloads\lwms\lwms\target\classes started by reddy in C:\Users\reddy\Downloads\lwms\lwms)
2025-10-13T11:16:10.148+05:30  INFO 5220 --- [lwmsproject] [main] com.project.lwms.LwmsApplication         : No active profile set, falling back to 1 default profile: "default"
2025-10-13T11:16:11.160+05:30  INFO 5220 --- [lwmsproject] [main] .s.d.r.c.RepositoryConfigurationDelegate : Bootstrapping Spring Data JPA repositories in DEFAULT mode.
2025-10-13T11:16:11.251+05:30  INFO 5220 --- [lwmsproject] [main] .s.d.r.c.RepositoryConfigurationDelegate : Finished Spring Data repository scanning in 79 ms. Found 5 JPA repository interfaces.
2025-10-13T11:16:11.889+05:30  INFO 5220 --- [lwmsproject] [main] o.s.b.w.embedded.tomcat.TomcatWebServer  : Tomcat initialized with port 8081 (http)
2025-10-13T11:16:11.906+05:30  INFO 5220 --- [lwmsproject] [main] o.apache.catalina.core.StandardService   : Starting service [Tomcat]
2025-10-13T11:16:11.907+05:30  INFO 5220 --- [lwmsproject] [main] o.apache.catalina.core.StandardEngine    : Starting Servlet engine: [Apache Tomcat/10.1.46]
2025-10-13T11:16:11.980+05:30  INFO 5220 --- [lwmsproject] [main] o.a.c.c.C.[Tomcat].[localhost].[/]       : Initializing Spring embedded WebApplicationContext
2025-10-13T11:16:11.981+05:30  INFO 5220 --- [lwmsproject] [main] w.s.c.ServletWebServerApplicationContext : Root WebApplicationContext: initialization completed in 1744 ms
2025-10-13T11:16:12.324+05:30  INFO 5220 --- [lwmsproject] [main] o.hibernate.jpa.internal.util.LogHelper  : HHH000204: Processing PersistenceUnitInfo [name: default]
2025-10-13T11:16:12.415+05:30  INFO 5220 --- [lwmsproject] [main] org.hibernate.Version                    : HHH000412: Hibernate ORM core version 6.6.29.Final
2025-10-13T11:16:12.476+05:30  INFO 5220 --- [lwmsproject] [main] o.h.c.internal.RegionFactoryInitiator    : HHH000026: Second-level cache disabled
2025-10-13T11:16:12.853+05:30  INFO 5220 --- [lwmsproject] [main] o.s.o.j.p.SpringPersistenceUnitInfo      : No LoadTimeWeaver setup: ignoring JPA class transformer
2025-10-13T11:16:12.898+05:30  INFO 5220 --- [lwmsproject] [main] com.zaxxer.hikari.HikariDataSource       : HikariPool-1 - Starting...
2025-10-13T11:16:13.299+05:30  INFO 5220 --- [lwmsproject] [main] com.zaxxer.hikari.pool.HikariPool        : HikariPool-1 - Added connection com.mysql.cj.jdbc.ConnectionImpl@63dc3420
2025-10-13T11:16:13.301+05:30  INFO 5220 --- [lwmsproject] [main] com.zaxxer.hikari.HikariDataSource       : HikariPool-1 - Start completed.
2025-10-13T11:16:13.406+05:30  INFO 5220 --- [lwmsproject] [main] org.hibernate.orm.connections.pooling    : HHH10001005: Database info:
	Database JDBC URL [Connecting through datasource 'HikariDataSource (HikariPool-1)']
	Database driver: undefined/unknown
	Database version: 8.0.43
	Autocommit mode: undefined/unknown
	Isolation level: undefined/unknown
	Minimum pool size: undefined/unknown
	Maximum pool size: undefined/unknown
2025-10-13T11:16:14.374+05:30  INFO 5220 --- [lwmsproject] [main] o.h.e.t.j.p.i.JtaPlatformInitiator       : HHH000489: No JTA platform available (set 'hibernate.transaction.jta.platform' to enable JTA platform integration)
2025-10-13T11:16:14.496+05:30  INFO 5220 --- [lwmsproject] [main] j.LocalContainerEntityManagerFactoryBean : Initialized JPA EntityManagerFactory for persistence unit 'default'
2025-10-13T11:16:14.972+05:30  WARN 5220 --- [lwmsproject] [main] JpaBaseConfiguration$JpaWebConfiguration : spring.jpa.open-in-view is enabled by default. Therefore, database queries may be performed during view rendering. Explicitly configure spring.jpa.open-in-view to disable this warning
2025-10-13T11:16:15.004+05:30  INFO 5220 --- [lwmsproject] [main] o.s.b.a.w.s.WelcomePageHandlerMapping    : Adding welcome page: class path resource [static/index.html]
2025-10-13T11:16:15.508+05:30  INFO 5220 --- [lwmsproject] [main] o.s.b.w.embedded.tomcat.TomcatWebServer  : Tomcat started on port 8081 (http) with context path '/'
2025-10-13T11:16:15.520+05:30  INFO 5220 --- [lwmsproject] [main] com.project.lwms.LwmsApplication         : Started LwmsApplication in 5.97 seconds (process running for 6.409)
2025-10-13T11:16:35.838+05:30  INFO 5220 --- [lwmsproject] [http-nio-8081-exec-1] o.a.c.c.C.[Tomcat].[localhost].[/]       : Initializing Spring DispatcherServlet 'dispatcherServlet'
2025-10-13T11:16:35.838+05:30  INFO 5220 --- [lwmsproject] [http-nio-8081-exec-1] o.s.web.servlet.DispatcherServlet        : Initializing Servlet 'dispatcherServlet'
2025-10-13T11:16:35.840+05:30  INFO 5220 --- [lwmsproject] [http-nio-8081-exec-1] o.s.web.servlet.DispatcherServlet        : Completed initialization in 1 ms
2025-10-13T12:08:57.871+05:30  WARN 5220 --- [lwmsproject] [HikariPool-1:housekeeper] com.zaxxer.hikari.pool.HikariPool        : HikariPool-1 - Thread starvation or clock leap detected (housekeeper delta=36m44s157ms248µs).
2025-10-13T12:13:15.222+05:30  WARN 5220 --- [lwmsproject] [HikariPool-1:housekeeper] com.zaxxer.hikari.pool.HikariPool        : HikariPool-1 - Thread starvation or clock leap detected (housekeeper delta=1m17s308ms491µs).
2025-10-13T13:01:52.712+05:30  INFO 21316 --- [lwmsproject] [main] com.project.lwms.LwmsApplication         : Starting LwmsApplication using Java 22 with PID 21316 (C:\Users\reddy\Downloads\lwms\lwms\target\classes started by reddy in C:\Users\reddy\Downloads\lwms\lwms)
2025-10-13T13:01:52.715+05:30  INFO 21316 --- [lwmsproject] [main] com.project.lwms.LwmsApplication         : No active profile set, falling back to 1 default profile: "default"
2025-10-13T13:01:53.807+05:30  INFO 21316 --- [lwmsproject] [main] .s.d.r.c.RepositoryConfigurationDelegate : Bootstrapping Spring Data JPA repositories in DEFAULT mode.
2025-10-13T13:01:53.909+05:30  INFO 21316 --- [lwmsproject] [main] .s.d.r.c.RepositoryConfigurationDelegate : Finished Spring Data repository scanning in 79 ms. Found 5 JPA repository interfaces.
2025-10-13T13:01:54.615+05:30  INFO 21316 --- [lwmsproject] [main] o.s.b.w.embedded.tomcat.TomcatWebServer  : Tomcat initialized with port 8081 (http)
2025-10-13T13:01:54.633+05:30  INFO 21316 --- [lwmsproject] [main] o.apache.catalina.core.StandardService   : Starting service [Tomcat]
2025-10-13T13:01:54.633+05:30  INFO 21316 --- [lwmsproject] [main] o.apache.catalina.core.StandardEngine    : Starting Servlet engine: [Apache Tomcat/10.1.46]
2025-10-13T13:01:54.705+05:30  INFO 21316 --- [lwmsproject] [main] o.a.c.c.C.[Tomcat].[localhost].[/]       : Initializing Spring embedded WebApplicationContext
2025-10-13T13:01:54.705+05:30  INFO 21316 --- [lwmsproject] [main] w.s.c.ServletWebServerApplicationContext : Root WebApplicationContext: initialization completed in 1928 ms
2025-10-13T13:01:54.966+05:30  INFO 21316 --- [lwmsproject] [main] o.hibernate.jpa.internal.util.LogHelper  : HHH000204: Processing PersistenceUnitInfo [name: default]
2025-10-13T13:01:55.069+05:30  INFO 21316 --- [lwmsproject] [main] org.hibernate.Version                    : HHH000412: Hibernate ORM core version 6.6.29.Final
2025-10-13T13:01:55.122+05:30  INFO 21316 --- [lwmsproject] [main] o.h.c.internal.RegionFactoryInitiator    : HHH000026: Second-level cache disabled
2025-10-13T13:01:55.456+05:30  INFO 21316 --- [lwmsproject] [main] o.s.o.j.p.SpringPersistenceUnitInfo      : No LoadTimeWeaver setup: ignoring JPA class transformer
2025-10-13T13:01:55.510+05:30  INFO 21316 --- [lwmsproject] [main] com.zaxxer.hikari.HikariDataSource       : HikariPool-1 - Starting...
2025-10-13T13:01:55.981+05:30  INFO 21316 --- [lwmsproject] [main] com.zaxxer.hikari.pool.HikariPool        : HikariPool-1 - Added connection com.mysql.cj.jdbc.ConnectionImpl@41167ded
2025-10-13T13:01:55.983+05:30  INFO 21316 --- [lwmsproject] [main] com.zaxxer.hikari.HikariDataSource       : HikariPool-1 - Start completed.
2025-10-13T13:01:56.091+05:30  INFO 21316 --- [lwmsproject] [main] org.hibernate.orm.connections.pooling    : HHH10001005: Database info:
	Database JDBC URL [Connecting through datasource 'HikariDataSource (HikariPool-1)']
	Database driver: undefined/unknown
	Database version: 8.0.43
	Autocommit mode: undefined/unknown
	Isolation level: undefined/unknown
	Minimum pool size: undefined/unknown
	Maximum pool size: undefined/unknown
2025-10-13T13:01:56.996+05:30  INFO 21316 --- [lwmsproject] [main] o.h.e.t.j.p.i.JtaPlatformInitiator       : HHH000489: No JTA platform available (set 'hibernate.transaction.jta.platform' to enable JTA platform integration)
2025-10-13T13:01:57.333+05:30  INFO 21316 --- [lwmsproject] [main] j.LocalContainerEntityManagerFactoryBean : Initialized JPA EntityManagerFactory for persistence unit 'default'
2025-10-13T13:01:57.742+05:30  WARN 21316 --- [lwmsproject] [main] JpaBaseConfiguration$JpaWebConfiguration : spring.jpa.open-in-view is enabled by default. Therefore, database queries may be performed during view rendering. Explicitly configure spring.jpa.open-in-view to disable this warning
2025-10-13T13:01:57.773+05:30  INFO 21316 --- [lwmsproject] [main] o.s.b.a.w.s.WelcomePageHandlerMapping    : Adding welcome page: class path resource [static/index.html]
2025-10-13T13:01:58.196+05:30  INFO 21316 --- [lwmsproject] [main] o.s.b.w.embedded.tomcat.TomcatWebServer  : Tomcat started on port 8081 (http) with context path '/'
2025-10-13T13:01:58.203+05:30  INFO 21316 --- [lwmsproject] [main] com.project.lwms.LwmsApplication         : Started LwmsApplication in 6.085 seconds (process running for 6.587)
2025-10-13T13:02:11.072+05:30  INFO 21316 --- [lwmsproject] [http-nio-8081-exec-1] o.a.c.c.C.[Tomcat].[localhost].[/]       : Initializing Spring DispatcherServlet 'dispatcherServlet'
2025-10-13T13:02:11.072+05:30  INFO 21316 --- [lwmsproject] [http-nio-8081-exec-1] o.s.web.servlet.DispatcherServlet        : Initializing Servlet 'dispatcherServlet'
2025-10-13T13:02:11.088+05:30  INFO 21316 --- [lwmsproject] [http-nio-8081-exec-1] o.s.web.servlet.DispatcherServlet        : Completed initialization in 0 ms
2025-10-13T13:02:11.513+05:30  INFO 21316 --- [lwmsproject] [http-nio-8081-exec-5] c.p.lwms.controller.SpaceController      : Viewing the rows in the Space Table!
2025-10-13T13:02:14.671+05:30  INFO 21316 --- [lwmsproject] [http-nio-8081-exec-9] c.p.lwms.controller.SpaceController      : Viewing the rows in the Space Table!
2025-10-13T13:02:17.670+05:30  INFO 21316 --- [lwmsproject] [http-nio-8081-exec-1] c.p.lwms.controller.SpaceController      : Viewing the rows in the Space Table!
2025-10-13T13:02:18.654+05:30  INFO 21316 --- [lwmsproject] [http-nio-8081-exec-8] c.p.lwms.controller.SpaceController      : Viewing the rows in the Space Table!
2025-10-13T13:02:21.566+05:30  INFO 21316 --- [lwmsproject] [http-nio-8081-exec-9] c.p.lwms.controller.SpaceController      : Viewing the rows in the Space Table!
2025-10-13T13:09:13.318+05:30  INFO 4996 --- [lwmsproject] [main] com.project.lwms.LwmsApplication         : Starting LwmsApplication using Java 22 with PID 4996 (C:\Users\reddy\Downloads\lwms\lwms\target\classes started by reddy in C:\Users\reddy\Downloads\lwms\lwms)
2025-10-13T13:09:13.321+05:30  INFO 4996 --- [lwmsproject] [main] com.project.lwms.LwmsApplication         : No active profile set, falling back to 1 default profile: "default"
2025-10-13T13:09:14.120+05:30  INFO 4996 --- [lwmsproject] [main] .s.d.r.c.RepositoryConfigurationDelegate : Bootstrapping Spring Data JPA repositories in DEFAULT mode.
2025-10-13T13:09:14.183+05:30  INFO 4996 --- [lwmsproject] [main] .s.d.r.c.RepositoryConfigurationDelegate : Finished Spring Data repository scanning in 54 ms. Found 5 JPA repository interfaces.
2025-10-13T13:09:14.729+05:30  INFO 4996 --- [lwmsproject] [main] o.s.b.w.embedded.tomcat.TomcatWebServer  : Tomcat initialized with port 8081 (http)
2025-10-13T13:09:14.742+05:30  INFO 4996 --- [lwmsproject] [main] o.apache.catalina.core.StandardService   : Starting service [Tomcat]
2025-10-13T13:09:14.743+05:30  INFO 4996 --- [lwmsproject] [main] o.apache.catalina.core.StandardEngine    : Starting Servlet engine: [Apache Tomcat/10.1.46]
2025-10-13T13:09:14.801+05:30  INFO 4996 --- [lwmsproject] [main] o.a.c.c.C.[Tomcat].[localhost].[/]       : Initializing Spring embedded WebApplicationContext
2025-10-13T13:09:14.802+05:30  INFO 4996 --- [lwmsproject] [main] w.s.c.ServletWebServerApplicationContext : Root WebApplicationContext: initialization completed in 1423 ms
2025-10-13T13:09:15.038+05:30  INFO 4996 --- [lwmsproject] [main] o.hibernate.jpa.internal.util.LogHelper  : HHH000204: Processing PersistenceUnitInfo [name: default]
2025-10-13T13:09:15.102+05:30  INFO 4996 --- [lwmsproject] [main] org.hibernate.Version                    : HHH000412: Hibernate ORM core version 6.6.29.Final
2025-10-13T13:09:15.130+05:30  INFO 4996 --- [lwmsproject] [main] o.h.c.internal.RegionFactoryInitiator    : HHH000026: Second-level cache disabled
2025-10-13T13:09:15.416+05:30  INFO 4996 --- [lwmsproject] [main] o.s.o.j.p.SpringPersistenceUnitInfo      : No LoadTimeWeaver setup: ignoring JPA class transformer
2025-10-13T13:09:15.446+05:30  INFO 4996 --- [lwmsproject] [main] com.zaxxer.hikari.HikariDataSource       : HikariPool-1 - Starting...
2025-10-13T13:09:15.767+05:30  INFO 4996 --- [lwmsproject] [main] com.zaxxer.hikari.pool.HikariPool        : HikariPool-1 - Added connection com.mysql.cj.jdbc.ConnectionImpl@135e49b2
2025-10-13T13:09:15.769+05:30  INFO 4996 --- [lwmsproject] [main] com.zaxxer.hikari.HikariDataSource       : HikariPool-1 - Start completed.
2025-10-13T13:09:15.858+05:30  INFO 4996 --- [lwmsproject] [main] org.hibernate.orm.connections.pooling    : HHH10001005: Database info:
	Database JDBC URL [Connecting through datasource 'HikariDataSource (HikariPool-1)']
	Database driver: undefined/unknown
	Database version: 8.0.43
	Autocommit mode: undefined/unknown
	Isolation level: undefined/unknown
	Minimum pool size: undefined/unknown
	Maximum pool size: undefined/unknown
2025-10-13T13:09:16.735+05:30  INFO 4996 --- [lwmsproject] [main] o.h.e.t.j.p.i.JtaPlatformInitiator       : HHH000489: No JTA platform available (set 'hibernate.transaction.jta.platform' to enable JTA platform integration)
2025-10-13T13:09:16.827+05:30  INFO 4996 --- [lwmsproject] [main] j.LocalContainerEntityManagerFactoryBean : Initialized JPA EntityManagerFactory for persistence unit 'default'
2025-10-13T13:09:17.226+05:30  WARN 4996 --- [lwmsproject] [main] JpaBaseConfiguration$JpaWebConfiguration : spring.jpa.open-in-view is enabled by default. Therefore, database queries may be performed during view rendering. Explicitly configure spring.jpa.open-in-view to disable this warning
2025-10-13T13:09:17.259+05:30  INFO 4996 --- [lwmsproject] [main] o.s.b.a.w.s.WelcomePageHandlerMapping    : Adding welcome page: class path resource [static/index.html]
2025-10-13T13:09:17.888+05:30  INFO 4996 --- [lwmsproject] [main] o.s.b.w.embedded.tomcat.TomcatWebServer  : Tomcat started on port 8081 (http) with context path '/'
2025-10-13T13:09:17.903+05:30  INFO 4996 --- [lwmsproject] [main] com.project.lwms.LwmsApplication         : Started LwmsApplication in 5.102 seconds (process running for 5.451)
2025-10-13T13:09:27.200+05:30  INFO 4996 --- [lwmsproject] [http-nio-8081-exec-1] o.a.c.c.C.[Tomcat].[localhost].[/]       : Initializing Spring DispatcherServlet 'dispatcherServlet'
2025-10-13T13:09:27.200+05:30  INFO 4996 --- [lwmsproject] [http-nio-8081-exec-1] o.s.web.servlet.DispatcherServlet        : Initializing Servlet 'dispatcherServlet'
2025-10-13T13:09:27.201+05:30  INFO 4996 --- [lwmsproject] [http-nio-8081-exec-1] o.s.web.servlet.DispatcherServlet        : Completed initialization in 1 ms
2025-10-13T13:09:27.407+05:30  INFO 4996 --- [lwmsproject] [http-nio-8081-exec-7] c.p.lwms.controller.SpaceController      : Viewing the rows in the Space Table!
2025-10-13T13:10:07.551+05:30  INFO 4996 --- [lwmsproject] [http-nio-8081-exec-2] c.p.lwms.controller.SpaceController      : Viewing the rows in the Space Table!
2025-10-13T13:10:19.211+05:30  INFO 4996 --- [lwmsproject] [http-nio-8081-exec-4] c.p.lwms.controller.SpaceController      : Allocating a new Zone in the database!
2025-10-13T13:10:19.422+05:30  INFO 4996 --- [lwmsproject] [http-nio-8081-exec-5] c.p.lwms.controller.SpaceController      : Viewing the rows in the Space Table!
2025-10-13T13:10:38.225+05:30  INFO 4996 --- [lwmsproject] [http-nio-8081-exec-7] c.p.lwms.controller.SpaceController      : Updating the capacities in the zone!
2025-10-13T13:10:38.343+05:30  INFO 4996 --- [lwmsproject] [http-nio-8081-exec-9] c.p.lwms.controller.SpaceController      : Viewing the rows in the Space Table!
2025-10-13T13:10:47.163+05:30  INFO 4996 --- [lwmsproject] [http-nio-8081-exec-1] c.p.lwms.controller.SpaceController      : Viewing the rows in the Space Table!
2025-10-13T13:11:07.475+05:30  INFO 4996 --- [lwmsproject] [http-nio-8081-exec-6] c.p.lwms.controller.SpaceController      : Viewing the rows in the Space Table!
2025-10-13T13:11:27.257+05:30  INFO 4996 --- [lwmsproject] [http-nio-8081-exec-2] c.p.lwms.controller.SpaceController      : Viewing the rows in the Space Table!
2025-10-13T13:11:37.745+05:30  INFO 4996 --- [lwmsproject] [http-nio-8081-exec-5] c.p.lwms.controller.SpaceController      : Viewing the rows in the Space Table!
2025-10-13T13:11:42.150+05:30  INFO 4996 --- [lwmsproject] [http-nio-8081-exec-9] c.p.lwms.controller.SpaceController      : Viewing the rows in the Space Table!
2025-10-13T13:11:42.863+05:30  INFO 4996 --- [lwmsproject] [http-nio-8081-exec-1] c.p.lwms.controller.SpaceController      : Viewing the rows in the Space Table!
2025-10-13T13:12:07.177+05:30  INFO 4996 --- [lwmsproject] [http-nio-8081-exec-7] c.p.lwms.controller.SpaceController      : Viewing the rows in the Space Table!
2025-10-13T13:12:10.519+05:30  INFO 4996 --- [lwmsproject] [http-nio-8081-exec-10] c.p.lwms.controller.SpaceController      : Viewing the rows in the Space Table!
2025-10-13T13:12:21.584+05:30  INFO 4996 --- [lwmsproject] [http-nio-8081-exec-2] c.p.lwms.controller.SpaceController      : Viewing the rows in the Space Table!
2025-10-13T13:12:23.002+05:30  INFO 4996 --- [lwmsproject] [http-nio-8081-exec-9] c.p.lwms.controller.SpaceController      : Viewing the rows in the Space Table!
2025-10-13T13:12:40.655+05:30  INFO 4996 --- [lwmsproject] [http-nio-8081-exec-3] c.p.lwms.controller.SpaceController      : Viewing the rows in the Space Table!
2025-10-13T13:13:11.934+05:30  INFO 4996 --- [lwmsproject] [http-nio-8081-exec-5] c.p.l.controller.MaintenanceController   : Adding a schedule..!
2025-10-13T13:13:24.089+05:30  INFO 4996 --- [lwmsproject] [http-nio-8081-exec-4] c.p.lwms.controller.SpaceController      : Viewing the rows in the Space Table!
2025-10-13T13:13:25.868+05:30  INFO 4996 --- [lwmsproject] [http-nio-8081-exec-7] c.p.lwms.controller.SpaceController      : Viewing the rows in the Space Table!
